<?xml version="1.0" encoding="UTF-8"?>
<!-- Generated by org.testng.reporters.JUnitReportReporter -->
<testsuite hostname="Varsh" failures="0" tests="1" name="testng.Script01" time="0.017" errors="0" timestamp="2024-12-03T12:04:09 IST" skipped="0">
  <testcase classname="testng.Script01" name="testcase" time="0.017"/>
  <system-out>
    <![CDATA[hello]]>
  </system-out>
</testsuite> <!-- testng.Script01 -->
